<?xml version="1.0" encoding="UTF-8" ?>
<testsuite failures="0" time="0.003" errors="0" skipped="1" tests="1" name="org.opencastproject.workflow.handler.DistributeWorkflowOperationHandlerTest">
  <properties>
    <property name="java.runtime.name" value="OpenJDK Runtime Environment"/>
    <property name="sun.boot.library.path" value="/usr/lib/jvm/java-6-openjdk-amd64/jre/lib/amd64"/>
    <property name="java.vm.version" value="20.0-b12"/>
    <property name="java.vm.vendor" value="Sun Microsystems Inc."/>
    <property name="java.vendor.url" value="http://java.sun.com/"/>
    <property name="path.separator" value=":"/>
    <property name="java.vm.name" value="OpenJDK 64-Bit Server VM"/>
    <property name="file.encoding.pkg" value="sun.io"/>
    <property name="java.util.logging.config.file" value="/opt/matterhorn/trunk/modules/matterhorn-conductor/conf/services/java.util.logging.properties"/>
    <property name="user.country" value="ES"/>
    <property name="sun.java.launcher" value="SUN_STANDARD"/>
    <property name="sun.os.patch.level" value="unknown"/>
    <property name="java.vm.specification.name" value="Java Virtual Machine Specification"/>
    <property name="user.dir" value="/opt/matterhorn/trunk/modules/matterhorn-conductor"/>
    <property name="java.runtime.version" value="1.6.0_27-b27"/>
    <property name="java.awt.graphicsenv" value="sun.awt.X11GraphicsEnvironment"/>
    <property name="basedir" value="/opt/matterhorn/trunk/modules/matterhorn-conductor"/>
    <property name="java.endorsed.dirs" value="/usr/lib/jvm/java-6-openjdk-amd64/jre/lib/endorsed"/>
    <property name="os.arch" value="amd64"/>
    <property name="surefire.real.class.path" value="/tmp/surefirebooter7881590258617130479.jar"/>
    <property name="java.io.tmpdir" value="/tmp"/>
    <property name="line.separator" value="
"/>
    <property name="deployTo" value="/opt/matterhorn/trunk"/>
    <property name="java.vm.specification.vendor" value="Sun Microsystems Inc."/>
    <property name="os.name" value="Linux"/>
    <property name="sun.jnu.encoding" value="UTF-8"/>
    <property name="java.library.path" value="/usr/lib/jvm/java-6-openjdk-amd64/jre/lib/amd64/server:/usr/lib/jvm/java-6-openjdk-amd64/jre/lib/amd64:/usr/lib/jvm/java-6-openjdk-amd64/jre/../lib/amd64:/usr/java/packages/lib/amd64:/usr/lib/x86_64-linux-gnu/jni:/lib/x86_64-linux-gnu:/usr/lib/x86_64-linux-gnu:/usr/lib/jni:/lib:/usr/lib"/>
    <property name="surefire.test.class.path" value="/opt/matterhorn/trunk/modules/matterhorn-conductor/target/test-classes:/opt/matterhorn/trunk/modules/matterhorn-conductor/target/classes:/home/eduardo/.m2/repository/org/opencastproject/matterhorn-common/1.5-SNAPSHOT/matterhorn-common-1.5-SNAPSHOT.jar:/home/eduardo/.m2/repository/org/opencastproject/matterhorn-json/1.5-SNAPSHOT/matterhorn-json-1.5-SNAPSHOT.jar:/home/eduardo/.m2/repository/org/slf4j/slf4j-api/1.5.8/slf4j-api-1.5.8.jar:/home/eduardo/.m2/repository/com/googlecode/json-simple/json-simple/1.1/json-simple-1.1.jar:/home/eduardo/.m2/repository/org/freemarker/freemarker/2.3.15/freemarker-2.3.15.jar:/home/eduardo/.m2/repository/javax/xml/bind/jaxb-api/2.2.2/jaxb-api-2.2.2.jar:/home/eduardo/.m2/repository/javax/xml/stream/stax-api/1.0-2/stax-api-1.0-2.jar:/home/eduardo/.m2/repository/javax/activation/activation/1.1.1/activation-1.1.1.jar:/home/eduardo/.m2/repository/javax/ws/rs/jsr311-api/1.1.A/jsr311-api-1.1.A.jar:/home/eduardo/.m2/repository/org/apache/commons/com.springsource.org.apache.commons.beanutils/1.7.0/com.springsource.org.apache.commons.beanutils-1.7.0.jar:/home/eduardo/.m2/repository/org/apache/commons/com.springsource.org.apache.commons.collections/3.2.0/com.springsource.org.apache.commons.collections-3.2.0.jar:/home/eduardo/.m2/repository/org/apache/commons/com.springsource.org.apache.commons.logging/1.1.1/com.springsource.org.apache.commons.logging-1.1.1.jar:/home/eduardo/.m2/repository/org/apache/httpcomponents/httpclient-osgi/4.2.5/httpclient-osgi-4.2.5.jar:/home/eduardo/.m2/repository/org/apache/httpcomponents/httpclient/4.2.5/httpclient-4.2.5.jar:/home/eduardo/.m2/repository/org/apache/httpcomponents/httpcore/4.2.4/httpcore-4.2.4.jar:/home/eduardo/.m2/repository/commons-logging/commons-logging/1.1.1/commons-logging-1.1.1.jar:/home/eduardo/.m2/repository/commons-codec/commons-codec/1.6/commons-codec-1.6.jar:/home/eduardo/.m2/repository/org/apache/httpcomponents/httpmime/4.2.5/httpmime-4.2.5.jar:/home/eduardo/.m2/repository/org/apache/httpcomponents/httpclient-cache/4.2.5/httpclient-cache-4.2.5.jar:/home/eduardo/.m2/repository/org/apache/httpcomponents/fluent-hc/4.2.5/fluent-hc-4.2.5.jar:/home/eduardo/.m2/repository/commons-io/commons-io/2.1/commons-io-2.1.jar:/home/eduardo/.m2/repository/commons-lang/commons-lang/2.6/commons-lang-2.6.jar:/home/eduardo/.m2/repository/commons-collections/commons-collections/3.2.1/commons-collections-3.2.1.jar:/home/eduardo/.m2/repository/joda-time/joda-time/1.6/joda-time-1.6.jar:/home/eduardo/.m2/repository/org/eclipse/persistence/javax.persistence/2.0.3/javax.persistence-2.0.3.jar:/home/eduardo/.m2/repository/org/eclipse/persistence/org.eclipse.persistence.jpa/2.0.2/org.eclipse.persistence.jpa-2.0.2.jar:/home/eduardo/.m2/repository/org/eclipse/persistence/org.eclipse.persistence.asm/2.0.2/org.eclipse.persistence.asm-2.0.2.jar:/home/eduardo/.m2/repository/org/eclipse/persistence/org.eclipse.persistence.core/2.0.2/org.eclipse.persistence.core-2.0.2.jar:/home/eduardo/.m2/repository/org/eclipse/persistence/org.eclipse.persistence.antlr/2.0.2/org.eclipse.persistence.antlr-2.0.2.jar:/home/eduardo/.m2/repository/c3p0/c3p0/0.9.1.2/c3p0-0.9.1.2.jar:/home/eduardo/.m2/repository/de/schlichtherle/truezip/6.8/truezip-6.8.jar:/home/eduardo/.m2/repository/org/apache/ant/ant/1.8.1/ant-1.8.1.jar:/home/eduardo/.m2/repository/org/apache/ant/ant-launcher/1.8.1/ant-launcher-1.8.1.jar:/home/eduardo/.m2/repository/org/bouncycastle/bcprov-jdk14/1.45/bcprov-jdk14-1.45.jar:/home/eduardo/.m2/repository/org/opencastproject/matterhorn-kernel/1.5-SNAPSHOT/matterhorn-kernel-1.5-SNAPSHOT.jar:/home/eduardo/.m2/repository/org/springframework/security/org.springframework.security.core/3.1.0.RELEASE/org.springframework.security.core-3.1.0.RELEASE.jar:/home/eduardo/.m2/repository/org/aopalliance/com.springsource.org.aopalliance/1.0.0/com.springsource.org.aopalliance-1.0.0.jar:/home/eduardo/.m2/repository/org/springframework/org.springframework.beans/3.1.0.RELEASE/org.springframework.beans-3.1.0.RELEASE.jar:/home/eduardo/.m2/repository/org/springframework/org.springframework.core/3.1.0.RELEASE/org.springframework.core-3.1.0.RELEASE.jar:/home/eduardo/.m2/repository/org/springframework/org.springframework.asm/3.1.0.RELEASE/org.springframework.asm-3.1.0.RELEASE.jar:/home/eduardo/.m2/repository/org/springframework/org.springframework.context/3.1.0.RELEASE/org.springframework.context-3.1.0.RELEASE.jar:/home/eduardo/.m2/repository/org/springframework/org.springframework.aop/3.1.0.RELEASE/org.springframework.aop-3.1.0.RELEASE.jar:/home/eduardo/.m2/repository/org/springframework/org.springframework.expression/3.1.0.RELEASE/org.springframework.expression-3.1.0.RELEASE.jar:/home/eduardo/.m2/repository/org/springframework/security/org.springframework.security.web/3.1.0.RELEASE/org.springframework.security.web-3.1.0.RELEASE.jar:/home/eduardo/.m2/repository/org/springframework/security/oauth/spring-security-oauth/1.0.0.M1/spring-security-oauth-1.0.0.M1.jar:/home/eduardo/.m2/repository/org/springframework/spring-beans/3.0.1.RELEASE/spring-beans-3.0.1.RELEASE.jar:/home/eduardo/.m2/repository/org/springframework/spring-core/3.0.1.RELEASE/spring-core-3.0.1.RELEASE.jar:/home/eduardo/.m2/repository/org/springframework/spring-asm/3.0.1.RELEASE/spring-asm-3.0.1.RELEASE.jar:/home/eduardo/.m2/repository/org/springframework/spring-context/3.0.1.RELEASE/spring-context-3.0.1.RELEASE.jar:/home/eduardo/.m2/repository/org/springframework/spring-aop/3.0.1.RELEASE/spring-aop-3.0.1.RELEASE.jar:/home/eduardo/.m2/repository/aopalliance/aopalliance/1.0/aopalliance-1.0.jar:/home/eduardo/.m2/repository/org/springframework/spring-expression/3.0.1.RELEASE/spring-expression-3.0.1.RELEASE.jar:/home/eduardo/.m2/repository/org/springframework/security/spring-security-core/3.0.2.RELEASE/spring-security-core-3.0.2.RELEASE.jar:/home/eduardo/.m2/repository/org/springframework/spring-tx/3.0.1.RELEASE/spring-tx-3.0.1.RELEASE.jar:/home/eduardo/.m2/repository/org/aspectj/aspectjrt/1.6.8/aspectjrt-1.6.8.jar:/home/eduardo/.m2/repository/org/aspectj/aspectjweaver/1.6.8/aspectjweaver-1.6.8.jar:/home/eduardo/.m2/repository/org/springframework/security/spring-security-config/3.0.2.RELEASE/spring-security-config-3.0.2.RELEASE.jar:/home/eduardo/.m2/repository/org/springframework/security/spring-security-web/3.0.2.RELEASE/spring-security-web-3.0.2.RELEASE.jar:/home/eduardo/.m2/repository/org/springframework/spring-web/2.5.6/spring-web-2.5.6.jar:/home/eduardo/.m2/repository/org/springframework/osgi/org.springframework.osgi.core/1.2.1/org.springframework.osgi.core-1.2.1.jar:/home/eduardo/.m2/repository/org/springframework/osgi/org.springframework.osgi.io/1.2.1/org.springframework.osgi.io-1.2.1.jar:/home/eduardo/.m2/repository/net/sourceforge/nekohtml/com.springsource.org.cyberneko.html/1.9.13/com.springsource.org.cyberneko.html-1.9.13.jar:/home/eduardo/.m2/repository/org/apache/xerces/com.springsource.org.apache.xerces/2.8.1/com.springsource.org.apache.xerces-2.8.1.jar:/home/eduardo/.m2/repository/org/apache/xml/com.springsource.org.apache.xml.resolver/1.2.0/com.springsource.org.apache.xml.resolver-1.2.0.jar:/home/eduardo/.m2/repository/org/apache/xmlcommons/com.springsource.org.apache.xmlcommons/1.3.3/com.springsource.org.apache.xmlcommons-1.3.3.jar:/home/eduardo/.m2/repository/org/jboss/security/jboss-xacml/2.0.5.final/jboss-xacml-2.0.5.final.jar:/home/eduardo/.m2/repository/org/jboss/security/jboss-sunxacml/2.0.5.final/jboss-sunxacml-2.0.5.final.jar:/home/eduardo/.m2/repository/org/apache/felix/org.apache.felix.fileinstall/3.1.10/org.apache.felix.fileinstall-3.1.10.jar:/home/eduardo/.m2/repository/org/osgi/org.osgi.core/4.2.0/org.osgi.core-4.2.0.jar:/home/eduardo/.m2/repository/org/osgi/org.osgi.compendium/4.2.0/org.osgi.compendium-4.2.0.jar:/home/eduardo/.m2/repository/org/apache/cxf/cxf-bundle-jaxrs/2.2.9/cxf-bundle-jaxrs-2.2.9.jar:/home/eduardo/.m2/repository/org/apache/geronimo/specs/geronimo-annotation_1.0_spec/1.1.1/geronimo-annotation_1.0_spec-1.1.1.jar:/home/eduardo/.m2/repository/org/apache/geronimo/specs/geronimo-stax-api_1.0_spec/1.0.1/geronimo-stax-api_1.0_spec-1.0.1.jar:/home/eduardo/.m2/repository/wsdl4j/wsdl4j/1.6.2/wsdl4j-1.6.2.jar:/home/eduardo/.m2/repository/org/apache/ws/commons/schema/XmlSchema/1.4.5/XmlSchema-1.4.5.jar:/home/eduardo/.m2/repository/org/apache/geronimo/specs/geronimo-activation_1.1_spec/1.0.2/geronimo-activation_1.1_spec-1.0.2.jar:/home/eduardo/.m2/repository/org/codehaus/woodstox/wstx-asl/3.2.9/wstx-asl-3.2.9.jar:/home/eduardo/.m2/repository/org/apache/neethi/neethi/2.0.4/neethi-2.0.4.jar:/home/eduardo/.m2/repository/com/sun/xml/bind/jaxb-impl/2.1.13/jaxb-impl-2.1.13.jar:/home/eduardo/.m2/repository/org/apache/geronimo/specs/geronimo-javamail_1.4_spec/1.6/geronimo-javamail_1.4_spec-1.6.jar:/home/eduardo/.m2/repository/org/mortbay/jetty/jetty/6.1.21/jetty-6.1.21.jar:/home/eduardo/.m2/repository/org/mortbay/jetty/jetty-util/6.1.21/jetty-util-6.1.21.jar:/home/eduardo/.m2/repository/org/apache/geronimo/specs/geronimo-servlet_2.5_spec/1.2/geronimo-servlet_2.5_spec-1.2.jar:/home/eduardo/.m2/repository/org/apache/abdera/abdera-core/1.0/abdera-core-1.0.jar:/home/eduardo/.m2/repository/org/apache/abdera/abdera-i18n/1.0/abdera-i18n-1.0.jar:/home/eduardo/.m2/repository/org/apache/abdera/abdera-parser/1.0/abdera-parser-1.0.jar:/home/eduardo/.m2/repository/org/apache/ws/commons/axiom/axiom-impl/1.2.7/axiom-impl-1.2.7.jar:/home/eduardo/.m2/repository/org/apache/ws/commons/axiom/axiom-api/1.2.7/axiom-api-1.2.7.jar:/home/eduardo/.m2/repository/jaxen/jaxen/1.1.1/jaxen-1.1.1.jar:/home/eduardo/.m2/repository/org/apache/abdera/abdera-extensions-json/1.0/abdera-extensions-json-1.0.jar:/home/eduardo/.m2/repository/org/apache/abdera/abdera-extensions-main/1.0/abdera-extensions-main-1.0.jar:/home/eduardo/.m2/repository/org/codehaus/jettison/jettison/1.2/jettison-1.2.jar:/home/eduardo/.m2/repository/org/apache/xmlbeans/xmlbeans/2.4.0/xmlbeans-2.4.0.jar:/home/eduardo/.m2/repository/org/sakaiproject/nakamura/javax.activation-mail/1.1.1.1.4.2-1.4.2/javax.activation-mail-1.1.1.1.4.2-1.4.2.jar:/home/eduardo/.m2/repository/org/opencastproject/matterhorn-workflow-service-api/1.5-SNAPSHOT/matterhorn-workflow-service-api-1.5-SNAPSHOT.jar:/home/eduardo/.m2/repository/org/opencastproject/matterhorn-inspection-service-api/1.5-SNAPSHOT/matterhorn-inspection-service-api-1.5-SNAPSHOT.jar:/home/eduardo/.m2/repository/org/opencastproject/matterhorn-ingest-service-api/1.5-SNAPSHOT/matterhorn-ingest-service-api-1.5-SNAPSHOT.jar:/home/eduardo/.m2/repository/org/opencastproject/matterhorn-composer-service-api/1.5-SNAPSHOT/matterhorn-composer-service-api-1.5-SNAPSHOT.jar:/home/eduardo/.m2/repository/org/opencastproject/matterhorn-series-service-api/1.5-SNAPSHOT/matterhorn-series-service-api-1.5-SNAPSHOT.jar:/home/eduardo/.m2/repository/org/opencastproject/matterhorn-dublincore/1.5-SNAPSHOT/matterhorn-dublincore-1.5-SNAPSHOT.jar:/home/eduardo/.m2/repository/org/opencastproject/matterhorn-metadata-api/1.5-SNAPSHOT/matterhorn-metadata-api-1.5-SNAPSHOT.jar:/home/eduardo/.m2/repository/org/opencastproject/matterhorn-workspace-api/1.5-SNAPSHOT/matterhorn-workspace-api-1.5-SNAPSHOT.jar:/home/eduardo/.m2/repository/org/opencastproject/matterhorn-search-service-api/1.5-SNAPSHOT/matterhorn-search-service-api-1.5-SNAPSHOT.jar:/home/eduardo/.m2/repository/org/opencastproject/matterhorn-episode-service-api/1.5-SNAPSHOT/matterhorn-episode-service-api-1.5-SNAPSHOT.jar:/home/eduardo/.m2/repository/org/opencastproject/matterhorn-distribution-service-api/1.5-SNAPSHOT/matterhorn-distribution-service-api-1.5-SNAPSHOT.jar:/home/eduardo/.m2/repository/org/opencastproject/matterhorn-publication-service-api/1.5-SNAPSHOT/matterhorn-publication-service-api-1.5-SNAPSHOT.jar:/home/eduardo/.m2/repository/org/opencastproject/matterhorn-working-file-repository-service-api/1.5-SNAPSHOT/matterhorn-working-file-repository-service-api-1.5-SNAPSHOT.jar:/home/eduardo/.m2/repository/org/opencastproject/matterhorn-textanalyzer-api/1.5-SNAPSHOT/matterhorn-textanalyzer-api-1.5-SNAPSHOT.jar:/home/eduardo/.m2/repository/org/opencastproject/matterhorn-mpeg7/1.5-SNAPSHOT/matterhorn-mpeg7-1.5-SNAPSHOT.jar:/home/eduardo/.m2/repository/org/opencastproject/matterhorn-videosegmenter-api/1.5-SNAPSHOT/matterhorn-videosegmenter-api-1.5-SNAPSHOT.jar:/home/eduardo/.m2/repository/org/opencastproject/matterhorn-caption-api/1.5-SNAPSHOT/matterhorn-caption-api-1.5-SNAPSHOT.jar:/home/eduardo/.m2/repository/org/opencastproject/matterhorn-speech-recognition-service-api/1.5-SNAPSHOT/matterhorn-speech-recognition-service-api-1.5-SNAPSHOT.jar:/home/eduardo/.m2/repository/org/slf4j/slf4j-log4j12/1.5.8/slf4j-log4j12-1.5.8.jar:/home/eduardo/.m2/repository/log4j/log4j/1.2.16/log4j-1.2.16.jar:/home/eduardo/.m2/repository/javax/servlet/servlet-api/2.5/servlet-api-2.5.jar:/home/eduardo/.m2/repository/junit/junit/4.5/junit-4.5.jar:/home/eduardo/.m2/repository/org/easymock/easymock/2.5.1/easymock-2.5.1.jar:/home/eduardo/.m2/repository/org/easymock/easymockclassextension/2.5.2/easymockclassextension-2.5.2.jar:/home/eduardo/.m2/repository/cglib/cglib-nodep/2.2/cglib-nodep-2.2.jar:/home/eduardo/.m2/repository/org/objenesis/objenesis/1.2/objenesis-1.2.jar:/home/eduardo/.m2/repository/org/gstreamer/gstreamer-java/1.4-no-tests-and-bin-launch/gstreamer-java-1.4-no-tests-and-bin-launch.jar:/home/eduardo/.m2/repository/net/java/dev/jna/jna/3.2.4/jna-3.2.4.jar:"/>
    <property name="java.specification.name" value="Java Platform API Specification"/>
    <property name="java.class.version" value="50.0"/>
    <property name="sun.management.compiler" value="HotSpot 64-Bit Tiered Compilers"/>
    <property name="os.version" value="3.2.0-49-generic"/>
    <property name="user.home" value="/home/eduardo"/>
    <property name="user.timezone" value="Europe/Madrid"/>
    <property name="java.awt.printerjob" value="sun.print.PSPrinterJob"/>
    <property name="java.specification.version" value="1.6"/>
    <property name="file.encoding" value="UTF-8"/>
    <property name="user.name" value="eduardo"/>
    <property name="java.class.path" value="/opt/matterhorn/trunk/modules/matterhorn-conductor/target/test-classes:/opt/matterhorn/trunk/modules/matterhorn-conductor/target/classes:/home/eduardo/.m2/repository/org/opencastproject/matterhorn-common/1.5-SNAPSHOT/matterhorn-common-1.5-SNAPSHOT.jar:/home/eduardo/.m2/repository/org/opencastproject/matterhorn-json/1.5-SNAPSHOT/matterhorn-json-1.5-SNAPSHOT.jar:/home/eduardo/.m2/repository/org/slf4j/slf4j-api/1.5.8/slf4j-api-1.5.8.jar:/home/eduardo/.m2/repository/com/googlecode/json-simple/json-simple/1.1/json-simple-1.1.jar:/home/eduardo/.m2/repository/org/freemarker/freemarker/2.3.15/freemarker-2.3.15.jar:/home/eduardo/.m2/repository/javax/xml/bind/jaxb-api/2.2.2/jaxb-api-2.2.2.jar:/home/eduardo/.m2/repository/javax/xml/stream/stax-api/1.0-2/stax-api-1.0-2.jar:/home/eduardo/.m2/repository/javax/activation/activation/1.1.1/activation-1.1.1.jar:/home/eduardo/.m2/repository/javax/ws/rs/jsr311-api/1.1.A/jsr311-api-1.1.A.jar:/home/eduardo/.m2/repository/org/apache/commons/com.springsource.org.apache.commons.beanutils/1.7.0/com.springsource.org.apache.commons.beanutils-1.7.0.jar:/home/eduardo/.m2/repository/org/apache/commons/com.springsource.org.apache.commons.collections/3.2.0/com.springsource.org.apache.commons.collections-3.2.0.jar:/home/eduardo/.m2/repository/org/apache/commons/com.springsource.org.apache.commons.logging/1.1.1/com.springsource.org.apache.commons.logging-1.1.1.jar:/home/eduardo/.m2/repository/org/apache/httpcomponents/httpclient-osgi/4.2.5/httpclient-osgi-4.2.5.jar:/home/eduardo/.m2/repository/org/apache/httpcomponents/httpclient/4.2.5/httpclient-4.2.5.jar:/home/eduardo/.m2/repository/org/apache/httpcomponents/httpcore/4.2.4/httpcore-4.2.4.jar:/home/eduardo/.m2/repository/commons-logging/commons-logging/1.1.1/commons-logging-1.1.1.jar:/home/eduardo/.m2/repository/commons-codec/commons-codec/1.6/commons-codec-1.6.jar:/home/eduardo/.m2/repository/org/apache/httpcomponents/httpmime/4.2.5/httpmime-4.2.5.jar:/home/eduardo/.m2/repository/org/apache/httpcomponents/httpclient-cache/4.2.5/httpclient-cache-4.2.5.jar:/home/eduardo/.m2/repository/org/apache/httpcomponents/fluent-hc/4.2.5/fluent-hc-4.2.5.jar:/home/eduardo/.m2/repository/commons-io/commons-io/2.1/commons-io-2.1.jar:/home/eduardo/.m2/repository/commons-lang/commons-lang/2.6/commons-lang-2.6.jar:/home/eduardo/.m2/repository/commons-collections/commons-collections/3.2.1/commons-collections-3.2.1.jar:/home/eduardo/.m2/repository/joda-time/joda-time/1.6/joda-time-1.6.jar:/home/eduardo/.m2/repository/org/eclipse/persistence/javax.persistence/2.0.3/javax.persistence-2.0.3.jar:/home/eduardo/.m2/repository/org/eclipse/persistence/org.eclipse.persistence.jpa/2.0.2/org.eclipse.persistence.jpa-2.0.2.jar:/home/eduardo/.m2/repository/org/eclipse/persistence/org.eclipse.persistence.asm/2.0.2/org.eclipse.persistence.asm-2.0.2.jar:/home/eduardo/.m2/repository/org/eclipse/persistence/org.eclipse.persistence.core/2.0.2/org.eclipse.persistence.core-2.0.2.jar:/home/eduardo/.m2/repository/org/eclipse/persistence/org.eclipse.persistence.antlr/2.0.2/org.eclipse.persistence.antlr-2.0.2.jar:/home/eduardo/.m2/repository/c3p0/c3p0/0.9.1.2/c3p0-0.9.1.2.jar:/home/eduardo/.m2/repository/de/schlichtherle/truezip/6.8/truezip-6.8.jar:/home/eduardo/.m2/repository/org/apache/ant/ant/1.8.1/ant-1.8.1.jar:/home/eduardo/.m2/repository/org/apache/ant/ant-launcher/1.8.1/ant-launcher-1.8.1.jar:/home/eduardo/.m2/repository/org/bouncycastle/bcprov-jdk14/1.45/bcprov-jdk14-1.45.jar:/home/eduardo/.m2/repository/org/opencastproject/matterhorn-kernel/1.5-SNAPSHOT/matterhorn-kernel-1.5-SNAPSHOT.jar:/home/eduardo/.m2/repository/org/springframework/security/org.springframework.security.core/3.1.0.RELEASE/org.springframework.security.core-3.1.0.RELEASE.jar:/home/eduardo/.m2/repository/org/aopalliance/com.springsource.org.aopalliance/1.0.0/com.springsource.org.aopalliance-1.0.0.jar:/home/eduardo/.m2/repository/org/springframework/org.springframework.beans/3.1.0.RELEASE/org.springframework.beans-3.1.0.RELEASE.jar:/home/eduardo/.m2/repository/org/springframework/org.springframework.core/3.1.0.RELEASE/org.springframework.core-3.1.0.RELEASE.jar:/home/eduardo/.m2/repository/org/springframework/org.springframework.asm/3.1.0.RELEASE/org.springframework.asm-3.1.0.RELEASE.jar:/home/eduardo/.m2/repository/org/springframework/org.springframework.context/3.1.0.RELEASE/org.springframework.context-3.1.0.RELEASE.jar:/home/eduardo/.m2/repository/org/springframework/org.springframework.aop/3.1.0.RELEASE/org.springframework.aop-3.1.0.RELEASE.jar:/home/eduardo/.m2/repository/org/springframework/org.springframework.expression/3.1.0.RELEASE/org.springframework.expression-3.1.0.RELEASE.jar:/home/eduardo/.m2/repository/org/springframework/security/org.springframework.security.web/3.1.0.RELEASE/org.springframework.security.web-3.1.0.RELEASE.jar:/home/eduardo/.m2/repository/org/springframework/security/oauth/spring-security-oauth/1.0.0.M1/spring-security-oauth-1.0.0.M1.jar:/home/eduardo/.m2/repository/org/springframework/spring-beans/3.0.1.RELEASE/spring-beans-3.0.1.RELEASE.jar:/home/eduardo/.m2/repository/org/springframework/spring-core/3.0.1.RELEASE/spring-core-3.0.1.RELEASE.jar:/home/eduardo/.m2/repository/org/springframework/spring-asm/3.0.1.RELEASE/spring-asm-3.0.1.RELEASE.jar:/home/eduardo/.m2/repository/org/springframework/spring-context/3.0.1.RELEASE/spring-context-3.0.1.RELEASE.jar:/home/eduardo/.m2/repository/org/springframework/spring-aop/3.0.1.RELEASE/spring-aop-3.0.1.RELEASE.jar:/home/eduardo/.m2/repository/aopalliance/aopalliance/1.0/aopalliance-1.0.jar:/home/eduardo/.m2/repository/org/springframework/spring-expression/3.0.1.RELEASE/spring-expression-3.0.1.RELEASE.jar:/home/eduardo/.m2/repository/org/springframework/security/spring-security-core/3.0.2.RELEASE/spring-security-core-3.0.2.RELEASE.jar:/home/eduardo/.m2/repository/org/springframework/spring-tx/3.0.1.RELEASE/spring-tx-3.0.1.RELEASE.jar:/home/eduardo/.m2/repository/org/aspectj/aspectjrt/1.6.8/aspectjrt-1.6.8.jar:/home/eduardo/.m2/repository/org/aspectj/aspectjweaver/1.6.8/aspectjweaver-1.6.8.jar:/home/eduardo/.m2/repository/org/springframework/security/spring-security-config/3.0.2.RELEASE/spring-security-config-3.0.2.RELEASE.jar:/home/eduardo/.m2/repository/org/springframework/security/spring-security-web/3.0.2.RELEASE/spring-security-web-3.0.2.RELEASE.jar:/home/eduardo/.m2/repository/org/springframework/spring-web/2.5.6/spring-web-2.5.6.jar:/home/eduardo/.m2/repository/org/springframework/osgi/org.springframework.osgi.core/1.2.1/org.springframework.osgi.core-1.2.1.jar:/home/eduardo/.m2/repository/org/springframework/osgi/org.springframework.osgi.io/1.2.1/org.springframework.osgi.io-1.2.1.jar:/home/eduardo/.m2/repository/net/sourceforge/nekohtml/com.springsource.org.cyberneko.html/1.9.13/com.springsource.org.cyberneko.html-1.9.13.jar:/home/eduardo/.m2/repository/org/apache/xerces/com.springsource.org.apache.xerces/2.8.1/com.springsource.org.apache.xerces-2.8.1.jar:/home/eduardo/.m2/repository/org/apache/xml/com.springsource.org.apache.xml.resolver/1.2.0/com.springsource.org.apache.xml.resolver-1.2.0.jar:/home/eduardo/.m2/repository/org/apache/xmlcommons/com.springsource.org.apache.xmlcommons/1.3.3/com.springsource.org.apache.xmlcommons-1.3.3.jar:/home/eduardo/.m2/repository/org/jboss/security/jboss-xacml/2.0.5.final/jboss-xacml-2.0.5.final.jar:/home/eduardo/.m2/repository/org/jboss/security/jboss-sunxacml/2.0.5.final/jboss-sunxacml-2.0.5.final.jar:/home/eduardo/.m2/repository/org/apache/felix/org.apache.felix.fileinstall/3.1.10/org.apache.felix.fileinstall-3.1.10.jar:/home/eduardo/.m2/repository/org/osgi/org.osgi.core/4.2.0/org.osgi.core-4.2.0.jar:/home/eduardo/.m2/repository/org/osgi/org.osgi.compendium/4.2.0/org.osgi.compendium-4.2.0.jar:/home/eduardo/.m2/repository/org/apache/cxf/cxf-bundle-jaxrs/2.2.9/cxf-bundle-jaxrs-2.2.9.jar:/home/eduardo/.m2/repository/org/apache/geronimo/specs/geronimo-annotation_1.0_spec/1.1.1/geronimo-annotation_1.0_spec-1.1.1.jar:/home/eduardo/.m2/repository/org/apache/geronimo/specs/geronimo-stax-api_1.0_spec/1.0.1/geronimo-stax-api_1.0_spec-1.0.1.jar:/home/eduardo/.m2/repository/wsdl4j/wsdl4j/1.6.2/wsdl4j-1.6.2.jar:/home/eduardo/.m2/repository/org/apache/ws/commons/schema/XmlSchema/1.4.5/XmlSchema-1.4.5.jar:/home/eduardo/.m2/repository/org/apache/geronimo/specs/geronimo-activation_1.1_spec/1.0.2/geronimo-activation_1.1_spec-1.0.2.jar:/home/eduardo/.m2/repository/org/codehaus/woodstox/wstx-asl/3.2.9/wstx-asl-3.2.9.jar:/home/eduardo/.m2/repository/org/apache/neethi/neethi/2.0.4/neethi-2.0.4.jar:/home/eduardo/.m2/repository/com/sun/xml/bind/jaxb-impl/2.1.13/jaxb-impl-2.1.13.jar:/home/eduardo/.m2/repository/org/apache/geronimo/specs/geronimo-javamail_1.4_spec/1.6/geronimo-javamail_1.4_spec-1.6.jar:/home/eduardo/.m2/repository/org/mortbay/jetty/jetty/6.1.21/jetty-6.1.21.jar:/home/eduardo/.m2/repository/org/mortbay/jetty/jetty-util/6.1.21/jetty-util-6.1.21.jar:/home/eduardo/.m2/repository/org/apache/geronimo/specs/geronimo-servlet_2.5_spec/1.2/geronimo-servlet_2.5_spec-1.2.jar:/home/eduardo/.m2/repository/org/apache/abdera/abdera-core/1.0/abdera-core-1.0.jar:/home/eduardo/.m2/repository/org/apache/abdera/abdera-i18n/1.0/abdera-i18n-1.0.jar:/home/eduardo/.m2/repository/org/apache/abdera/abdera-parser/1.0/abdera-parser-1.0.jar:/home/eduardo/.m2/repository/org/apache/ws/commons/axiom/axiom-impl/1.2.7/axiom-impl-1.2.7.jar:/home/eduardo/.m2/repository/org/apache/ws/commons/axiom/axiom-api/1.2.7/axiom-api-1.2.7.jar:/home/eduardo/.m2/repository/jaxen/jaxen/1.1.1/jaxen-1.1.1.jar:/home/eduardo/.m2/repository/org/apache/abdera/abdera-extensions-json/1.0/abdera-extensions-json-1.0.jar:/home/eduardo/.m2/repository/org/apache/abdera/abdera-extensions-main/1.0/abdera-extensions-main-1.0.jar:/home/eduardo/.m2/repository/org/codehaus/jettison/jettison/1.2/jettison-1.2.jar:/home/eduardo/.m2/repository/org/apache/xmlbeans/xmlbeans/2.4.0/xmlbeans-2.4.0.jar:/home/eduardo/.m2/repository/org/sakaiproject/nakamura/javax.activation-mail/1.1.1.1.4.2-1.4.2/javax.activation-mail-1.1.1.1.4.2-1.4.2.jar:/home/eduardo/.m2/repository/org/opencastproject/matterhorn-workflow-service-api/1.5-SNAPSHOT/matterhorn-workflow-service-api-1.5-SNAPSHOT.jar:/home/eduardo/.m2/repository/org/opencastproject/matterhorn-inspection-service-api/1.5-SNAPSHOT/matterhorn-inspection-service-api-1.5-SNAPSHOT.jar:/home/eduardo/.m2/repository/org/opencastproject/matterhorn-ingest-service-api/1.5-SNAPSHOT/matterhorn-ingest-service-api-1.5-SNAPSHOT.jar:/home/eduardo/.m2/repository/org/opencastproject/matterhorn-composer-service-api/1.5-SNAPSHOT/matterhorn-composer-service-api-1.5-SNAPSHOT.jar:/home/eduardo/.m2/repository/org/opencastproject/matterhorn-series-service-api/1.5-SNAPSHOT/matterhorn-series-service-api-1.5-SNAPSHOT.jar:/home/eduardo/.m2/repository/org/opencastproject/matterhorn-dublincore/1.5-SNAPSHOT/matterhorn-dublincore-1.5-SNAPSHOT.jar:/home/eduardo/.m2/repository/org/opencastproject/matterhorn-metadata-api/1.5-SNAPSHOT/matterhorn-metadata-api-1.5-SNAPSHOT.jar:/home/eduardo/.m2/repository/org/opencastproject/matterhorn-workspace-api/1.5-SNAPSHOT/matterhorn-workspace-api-1.5-SNAPSHOT.jar:/home/eduardo/.m2/repository/org/opencastproject/matterhorn-search-service-api/1.5-SNAPSHOT/matterhorn-search-service-api-1.5-SNAPSHOT.jar:/home/eduardo/.m2/repository/org/opencastproject/matterhorn-episode-service-api/1.5-SNAPSHOT/matterhorn-episode-service-api-1.5-SNAPSHOT.jar:/home/eduardo/.m2/repository/org/opencastproject/matterhorn-distribution-service-api/1.5-SNAPSHOT/matterhorn-distribution-service-api-1.5-SNAPSHOT.jar:/home/eduardo/.m2/repository/org/opencastproject/matterhorn-publication-service-api/1.5-SNAPSHOT/matterhorn-publication-service-api-1.5-SNAPSHOT.jar:/home/eduardo/.m2/repository/org/opencastproject/matterhorn-working-file-repository-service-api/1.5-SNAPSHOT/matterhorn-working-file-repository-service-api-1.5-SNAPSHOT.jar:/home/eduardo/.m2/repository/org/opencastproject/matterhorn-textanalyzer-api/1.5-SNAPSHOT/matterhorn-textanalyzer-api-1.5-SNAPSHOT.jar:/home/eduardo/.m2/repository/org/opencastproject/matterhorn-mpeg7/1.5-SNAPSHOT/matterhorn-mpeg7-1.5-SNAPSHOT.jar:/home/eduardo/.m2/repository/org/opencastproject/matterhorn-videosegmenter-api/1.5-SNAPSHOT/matterhorn-videosegmenter-api-1.5-SNAPSHOT.jar:/home/eduardo/.m2/repository/org/opencastproject/matterhorn-caption-api/1.5-SNAPSHOT/matterhorn-caption-api-1.5-SNAPSHOT.jar:/home/eduardo/.m2/repository/org/opencastproject/matterhorn-speech-recognition-service-api/1.5-SNAPSHOT/matterhorn-speech-recognition-service-api-1.5-SNAPSHOT.jar:/home/eduardo/.m2/repository/org/slf4j/slf4j-log4j12/1.5.8/slf4j-log4j12-1.5.8.jar:/home/eduardo/.m2/repository/log4j/log4j/1.2.16/log4j-1.2.16.jar:/home/eduardo/.m2/repository/javax/servlet/servlet-api/2.5/servlet-api-2.5.jar:/home/eduardo/.m2/repository/junit/junit/4.5/junit-4.5.jar:/home/eduardo/.m2/repository/org/easymock/easymock/2.5.1/easymock-2.5.1.jar:/home/eduardo/.m2/repository/org/easymock/easymockclassextension/2.5.2/easymockclassextension-2.5.2.jar:/home/eduardo/.m2/repository/cglib/cglib-nodep/2.2/cglib-nodep-2.2.jar:/home/eduardo/.m2/repository/org/objenesis/objenesis/1.2/objenesis-1.2.jar:/home/eduardo/.m2/repository/org/gstreamer/gstreamer-java/1.4-no-tests-and-bin-launch/gstreamer-java-1.4-no-tests-and-bin-launch.jar:/home/eduardo/.m2/repository/net/java/dev/jna/jna/3.2.4/jna-3.2.4.jar:"/>
    <property name="java.vm.specification.version" value="1.0"/>
    <property name="sun.arch.data.model" value="64"/>
    <property name="java.home" value="/usr/lib/jvm/java-6-openjdk-amd64/jre"/>
    <property name="sun.java.command" value="/tmp/surefirebooter7881590258617130479.jar /tmp/surefire4407336262537478745tmp /tmp/surefire8534970532979619736tmp"/>
    <property name="M2_REPO" value="/home/eduardo/.m2/repository"/>
    <property name="eclipselink.logging.level" value="SEVERE"/>
    <property name="java.specification.vendor" value="Sun Microsystems Inc."/>
    <property name="user.language" value="es"/>
    <property name="java.vm.info" value="mixed mode"/>
    <property name="java.version" value="1.6.0_27"/>
    <property name="java.ext.dirs" value="/usr/lib/jvm/java-6-openjdk-amd64/jre/lib/ext:/usr/java/packages/lib/ext"/>
    <property name="sun.boot.class.path" value="/usr/lib/jvm/java-6-openjdk-amd64/jre/lib/resources.jar:/usr/lib/jvm/java-6-openjdk-amd64/jre/lib/rt.jar:/usr/lib/jvm/java-6-openjdk-amd64/jre/lib/sunrsasign.jar:/usr/lib/jvm/java-6-openjdk-amd64/jre/lib/jsse.jar:/usr/lib/jvm/java-6-openjdk-amd64/jre/lib/jce.jar:/usr/lib/jvm/java-6-openjdk-amd64/jre/lib/charsets.jar:/usr/lib/jvm/java-6-openjdk-amd64/jre/lib/netx.jar:/usr/lib/jvm/java-6-openjdk-amd64/jre/lib/plugin.jar:/usr/lib/jvm/java-6-openjdk-amd64/jre/lib/rhino.jar:/usr/lib/jvm/java-6-openjdk-amd64/jre/lib/modules/jdk.boot.jar:/usr/lib/jvm/java-6-openjdk-amd64/jre/classes"/>
    <property name="java.vendor" value="Sun Microsystems Inc."/>
    <property name="java.awt.headless" value="true"/>
    <property name="localRepository" value="/home/eduardo/.m2/repository"/>
    <property name="file.separator" value="/"/>
    <property name="java.vendor.url.bug" value="http://java.sun.com/cgi-bin/bugreport.cgi"/>
    <property name="sun.cpu.endian" value="little"/>
    <property name="sun.io.unicode.encoding" value="UnicodeLittle"/>
    <property name="sun.desktop" value="gnome"/>
    <property name="sun.cpu.isalist" value=""/>
  </properties>
  <testcase time="0" classname="org.opencastproject.workflow.handler.DistributeWorkflowOperationHandlerTest" name="org.opencastproject.workflow.handler.DistributeWorkflowOperationHandlerTest">
    <skipped/>
  </testcase>
</testsuite>